<?xml version='1.0'?>
<ns2:test-suite xmlns:ns2='urn:model.allure.qatools.yandex.ru' start='1601715776356' stop='1601715899996'>
    <name>Home Page</name>
    <title>Home Page</title>
    <test-cases>
        <test-case start='1601715776356' status='failed' stop='1601715899994'>
            <name>It Launch domain url and verify title and the header of 3protofile text</name>
            <title>It Launch domain url and verify title and the header of 3protofile text</title>
            <labels>
                <label name='language' value='javascript'/>
                <label name='framework' value='wdio'/>
                <label name='thread' value='0-1'/>
            </labels>
            <parameters>
                <parameter kind='argument' name='browser' value='chrome-85.0.4183.121'/>
            </parameters>
            <steps/>
            <attachments/>
            <failure>
                <message>expected '50' to equal '13.79 %'</message>
                <stack-trace>AssertionError: expected '50' to equal '13.79 %'
                    at Context.&lt;anonymous> (C:\Users\hp\Pictures\Automation Assesment\node_modules\.bin\test\specs\Scenario1.js:56:23)
                    at Context.executeSync (C:\Users\hp\Pictures\Automation Assesment\node_modules\@wdio\sync\build\index.js:56:18)
                    at C:\Users\hp\Pictures\Automation Assesment\node_modules\@wdio\sync\build\index.js:80:70</stack-trace>
            </failure>
        </test-case>
    </test-cases>
</ns2:test-suite>