<?xml version='1.0'?>
<ns2:test-suite xmlns:ns2='urn:model.allure.qatools.yandex.ru' start='1601645132402' stop='1601645134150'>
    <name>Home Page</name>
    <title>Home Page</title>
    <test-cases>
        <test-case start='1601645132403' status='failed' stop='1601645134149'>
            <name>It Launch domain url and verify title and the header of 3protofile text</name>
            <title>It Launch domain url and verify title and the header of 3protofile text</title>
            <labels>
                <label name='language' value='javascript'/>
                <label name='framework' value='wdio'/>
                <label name='thread' value='0-0'/>
            </labels>
            <parameters>
                <parameter kind='argument' name='browser' value='chrome-85.0.4183.121'/>
            </parameters>
            <steps>
                <step start='1601645132424' status='passed' stop='1601645133671'>
                    <name>POST /session/:sessionId/url</name>
                    <title>POST /session/:sessionId/url</title>
                    <attachments>
                        <attachment title='Request' source='ff5f43b3-70a9-4db0-886c-0b849909a8d5-attachment.json' type='application/json' size='55'/>
                    </attachments>
                    <steps/>
                </step>
                <step start='1601645133672' status='passed' stop='1601645133800'>
                    <name>POST /session/:sessionId/window/maximize</name>
                    <title>POST /session/:sessionId/window/maximize</title>
                    <attachments>
                        <attachment title='Response' source='507457f0-b3f0-4513-9bac-6aef682e048e-attachment.json' type='application/json' size='58'/>
                    </attachments>
                    <steps/>
                </step>
                <step start='1601645133800' status='passed' stop='1601645133816'>
                    <name>GET /session/:sessionId/title</name>
                    <title>GET /session/:sessionId/title</title>
                    <attachments/>
                    <steps/>
                </step>
                <step start='1601645133821' status='passed' stop='1601645134147'>
                    <name>GET /session/:sessionId/screenshot</name>
                    <title>GET /session/:sessionId/screenshot</title>
                    <attachments>
                        <attachment title='Screenshot' source='a9ef9d7d-843a-4f19-a8f9-6542896bab76-attachment.png' type='image/png' size='7358'/>
                    </attachments>
                    <steps/>
                </step>
            </steps>
            <attachments/>
            <failure>
                <message>expected '' to equal 'WeInvest | Simple, Smart, Transparent Investing'</message>
                <stack-trace>AssertionError: expected '' to equal 'WeInvest | Simple, Smart, Transparent Investing'
                    at Context.&lt;anonymous> (C:\Users\hp\Pictures\Automation Assesment\node_modules\.bin\test\specs\e2e.js:12:23)
                    at Context.executeSync (C:\Users\hp\Pictures\Automation Assesment\node_modules\@wdio\sync\build\index.js:56:18)
                    at C:\Users\hp\Pictures\Automation Assesment\node_modules\@wdio\sync\build\index.js:80:70</stack-trace>
            </failure>
        </test-case>
    </test-cases>
</ns2:test-suite>